2025-09-16 22:19:53,541 - INFO - Starting complete training pipeline...
2025-09-16 22:19:53,542 - INFO - Loading and preparing data...
2025-09-16 22:19:58,116 - INFO - Data prepared: 69 training samples, 31 test samples
2025-09-16 22:19:58,117 - INFO - Training Random Forest Classifier...
2025-09-16 22:20:00,498 - INFO - Random Forest CV Accuracy: 0.4176 (+/- 0.2352)
2025-09-16 22:20:00,498 - INFO - Evaluating model...
2025-09-16 22:20:00,560 - INFO - Test Accuracy: 0.5161
2025-09-16 22:20:00,561 - INFO - Test Precision: 0.4458
2025-09-16 22:20:00,561 - INFO - Test Recall: 0.5161
2025-09-16 22:20:00,565 - INFO - Test F1-Score: 0.4525
2025-09-16 22:20:00,565 - INFO - Classification Report:
2025-09-16 22:20:00,577 - INFO - 
              precision    recall  f1-score   support

           1       0.52      0.81      0.63        16
           2       0.50      0.27      0.35        11
           3       0.00      0.00      0.00         4

    accuracy                           0.52        31
   macro avg       0.34      0.36      0.33        31
weighted avg       0.45      0.52      0.45        31

2025-09-16 22:20:00,580 - INFO - Confusion Matrix:
[[13  3  0]
 [ 8  3  0]
 [ 4  0  0]]
2025-09-16 22:20:00,621 - INFO - Top 10 Most Important Features:
2025-09-16 22:20:00,626 - INFO -                      feature  importance
0                   latitude    0.166963
1                  longitude    0.101904
6                       hour    0.091301
10            street_encoded    0.086369
3                      month    0.081825
4                        day    0.080768
9           barangay_encoded    0.080137
12  location_cluster_encoded    0.070927
7       vehicle_type_encoded    0.069088
8       municipality_encoded    0.065506
2025-09-16 22:20:00,628 - INFO - Creating rule-based system...
2025-09-16 22:20:00,670 - INFO - Rule-based system created successfully
2025-09-16 22:20:00,671 - INFO - Saving models...
2025-09-16 22:20:00,724 - ERROR - Training pipeline failed: Can't pickle <function AccidentPredictionTrainer.create_rule_based_system.<locals>.assign_risk_level at 0x00000282AF352160>: it's not found as __main__.AccidentPredictionTrainer.create_rule_based_system.<locals>.assign_risk_level
2025-09-16 22:21:25,652 - INFO - Starting complete training pipeline...
2025-09-16 22:21:25,653 - INFO - Loading and preparing data...
2025-09-16 22:21:27,974 - INFO - Data prepared: 69 training samples, 31 test samples
2025-09-16 22:21:27,974 - INFO - Training Random Forest Classifier...
2025-09-16 22:21:30,594 - INFO - Random Forest CV Accuracy: 0.4176 (+/- 0.2352)
2025-09-16 22:21:30,595 - INFO - Evaluating model...
2025-09-16 22:21:30,679 - INFO - Test Accuracy: 0.5161
2025-09-16 22:21:30,680 - INFO - Test Precision: 0.4458
2025-09-16 22:21:30,681 - INFO - Test Recall: 0.5161
2025-09-16 22:21:30,682 - INFO - Test F1-Score: 0.4525
2025-09-16 22:21:30,683 - INFO - Classification Report:
2025-09-16 22:21:30,706 - INFO - 
              precision    recall  f1-score   support

           1       0.52      0.81      0.63        16
           2       0.50      0.27      0.35        11
           3       0.00      0.00      0.00         4

    accuracy                           0.52        31
   macro avg       0.34      0.36      0.33        31
weighted avg       0.45      0.52      0.45        31

2025-09-16 22:21:30,709 - INFO - Confusion Matrix:
[[13  3  0]
 [ 8  3  0]
 [ 4  0  0]]
2025-09-16 22:21:30,775 - INFO - Top 10 Most Important Features:
2025-09-16 22:21:30,785 - INFO -                      feature  importance
0                   latitude    0.166963
1                  longitude    0.101904
6                       hour    0.091301
10            street_encoded    0.086369
3                      month    0.081825
4                        day    0.080768
9           barangay_encoded    0.080137
12  location_cluster_encoded    0.070927
7       vehicle_type_encoded    0.069088
8       municipality_encoded    0.065506
2025-09-16 22:21:30,791 - INFO - Creating rule-based system...
2025-09-16 22:21:30,859 - INFO - Rule-based system created successfully
2025-09-16 22:21:30,859 - INFO - Saving models...
2025-09-16 22:21:30,914 - INFO - Models saved to ../trained/
2025-09-16 22:21:30,915 - INFO - Training pipeline completed successfully!
2025-09-18 21:24:41,032 - INFO - Starting complete training pipeline...
2025-09-18 21:24:41,032 - INFO - Loading and preparing data...
2025-09-18 21:24:44,978 - INFO - Data prepared: 69 training samples, 31 test samples
2025-09-18 21:24:44,978 - INFO - Training Random Forest Classifier...
2025-09-18 21:24:47,005 - INFO - Random Forest CV Accuracy: 0.4176 (+/- 0.2352)
2025-09-18 21:24:47,006 - INFO - Evaluating model...
2025-09-18 21:24:47,100 - INFO - Test Accuracy: 0.5161
2025-09-18 21:24:47,100 - INFO - Test Precision: 0.4458
2025-09-18 21:24:47,101 - INFO - Test Recall: 0.5161
2025-09-18 21:24:47,101 - INFO - Test F1-Score: 0.4525
2025-09-18 21:24:47,101 - INFO - Classification Report:
2025-09-18 21:24:47,116 - INFO - 
              precision    recall  f1-score   support

           1       0.52      0.81      0.63        16
           2       0.50      0.27      0.35        11
           3       0.00      0.00      0.00         4

    accuracy                           0.52        31
   macro avg       0.34      0.36      0.33        31
weighted avg       0.45      0.52      0.45        31

2025-09-18 21:24:47,119 - INFO - Confusion Matrix:
[[13  3  0]
 [ 8  3  0]
 [ 4  0  0]]
2025-09-18 21:24:47,182 - INFO - Top 10 Most Important Features:
2025-09-18 21:24:47,189 - INFO -                      feature  importance
0                   latitude    0.166963
1                  longitude    0.101904
6                       hour    0.091301
10            street_encoded    0.086369
3                      month    0.081825
4                        day    0.080768
9           barangay_encoded    0.080137
12  location_cluster_encoded    0.070927
7       vehicle_type_encoded    0.069088
8       municipality_encoded    0.065506
2025-09-18 21:24:47,195 - INFO - Creating rule-based system...
2025-09-18 21:24:47,272 - INFO - Rule-based system created successfully
2025-09-18 21:24:47,272 - INFO - Saving models...
2025-09-18 21:24:47,332 - INFO - Models saved to ../trained/
2025-09-18 21:24:47,333 - INFO - Training pipeline completed successfully!
2025-09-18 21:24:55,189 - INFO - Starting complete training pipeline...
2025-09-18 21:24:55,190 - INFO - Loading and preparing data...
2025-09-18 21:24:56,714 - INFO - Data prepared: 69 training samples, 31 test samples
2025-09-18 21:24:56,715 - INFO - Training Random Forest Classifier...
2025-09-18 21:24:59,149 - INFO - Random Forest CV Accuracy: 0.4176 (+/- 0.2352)
2025-09-18 21:24:59,149 - INFO - Evaluating model...
2025-09-18 21:24:59,232 - INFO - Test Accuracy: 0.5161
2025-09-18 21:24:59,232 - INFO - Test Precision: 0.4458
2025-09-18 21:24:59,232 - INFO - Test Recall: 0.5161
2025-09-18 21:24:59,232 - INFO - Test F1-Score: 0.4525
2025-09-18 21:24:59,233 - INFO - Classification Report:
2025-09-18 21:24:59,241 - INFO - 
              precision    recall  f1-score   support

           1       0.52      0.81      0.63        16
           2       0.50      0.27      0.35        11
           3       0.00      0.00      0.00         4

    accuracy                           0.52        31
   macro avg       0.34      0.36      0.33        31
weighted avg       0.45      0.52      0.45        31

2025-09-18 21:24:59,244 - INFO - Confusion Matrix:
[[13  3  0]
 [ 8  3  0]
 [ 4  0  0]]
2025-09-18 21:24:59,282 - INFO - Top 10 Most Important Features:
2025-09-18 21:24:59,285 - INFO -                      feature  importance
0                   latitude    0.166963
1                  longitude    0.101904
6                       hour    0.091301
10            street_encoded    0.086369
3                      month    0.081825
4                        day    0.080768
9           barangay_encoded    0.080137
12  location_cluster_encoded    0.070927
7       vehicle_type_encoded    0.069088
8       municipality_encoded    0.065506
2025-09-18 21:24:59,288 - INFO - Creating rule-based system...
2025-09-18 21:24:59,330 - INFO - Rule-based system created successfully
2025-09-18 21:24:59,330 - INFO - Saving models...
2025-09-18 21:24:59,367 - INFO - Models saved to ../trained/
2025-09-18 21:24:59,367 - INFO - Training pipeline completed successfully!
